<?xml version="1.0" encoding="utf-8"?><testsuites name="pytest tests"><testsuite name="pytest" errors="0" failures="0" skipped="0" tests="12" time="1.737" timestamp="2026-05-09T21:52:38.877496+00:00" hostname="agent-env-fceb180a-ce4a-42ed-be80-d82f0675e4fd"><testcase classname="tests.test_lumen_api.TestHealth" name="test_health_ok" time="0.266" /><testcase classname="tests.test_lumen_api.TestAuthGates" name="test_me_requires_auth" time="0.148" /><testcase classname="tests.test_lumen_api.TestAuthGates" name="test_bootstrap_requires_auth" time="0.147" /><testcase classname="tests.test_lumen_api.TestAuthGates" name="test_intake_post_requires_auth" time="0.142" /><testcase classname="tests.test_lumen_api.TestAuthGates" name="test_intake_get_requires_auth" time="0.141" /><testcase classname="tests.test_lumen_api.TestAuthGates" name="test_checkins_requires_auth" time="0.098" /><testcase classname="tests.test_lumen_api.TestAuthGates" name="test_photos_requires_auth" time="0.101" /><testcase classname="tests.test_lumen_api.TestAuthGates" name="test_admin_students_requires_auth" time="0.119" /><testcase classname="tests.test_lumen_api.TestAuthGates" name="test_admin_student_detail_requires_auth" time="0.144" /><testcase classname="tests.test_lumen_api.TestAuthGates" name="test_admin_notes_requires_auth" time="0.108" /><testcase classname="tests.test_lumen_api.TestAuthGates" name="test_admin_promote_requires_auth" time="0.107" /><testcase classname="tests.test_lumen_api.TestInvalidToken" name="test_invalid_bearer_token_rejected" time="0.146" /></testsuite></testsuites>