<?xml version="1.0" encoding="utf-8"?><testsuites name="pytest tests"><testsuite name="pytest" errors="0" failures="0" skipped="0" tests="12" time="1.630" timestamp="2026-05-09T21:36:12.802473+00:00" hostname="agent-env-fceb180a-ce4a-42ed-be80-d82f0675e4fd"><testcase classname="backend.tests.test_lumen_api.TestHealth" name="test_health_ok" time="0.180" /><testcase classname="backend.tests.test_lumen_api.TestAuthGates" name="test_me_requires_auth" time="0.115" /><testcase classname="backend.tests.test_lumen_api.TestAuthGates" name="test_bootstrap_requires_auth" time="0.142" /><testcase classname="backend.tests.test_lumen_api.TestAuthGates" name="test_intake_post_requires_auth" time="0.114" /><testcase classname="backend.tests.test_lumen_api.TestAuthGates" name="test_intake_get_requires_auth" time="0.169" /><testcase classname="backend.tests.test_lumen_api.TestAuthGates" name="test_checkins_requires_auth" time="0.140" /><testcase classname="backend.tests.test_lumen_api.TestAuthGates" name="test_photos_requires_auth" time="0.137" /><testcase classname="backend.tests.test_lumen_api.TestAuthGates" name="test_admin_students_requires_auth" time="0.116" /><testcase classname="backend.tests.test_lumen_api.TestAuthGates" name="test_admin_student_detail_requires_auth" time="0.095" /><testcase classname="backend.tests.test_lumen_api.TestAuthGates" name="test_admin_notes_requires_auth" time="0.107" /><testcase classname="backend.tests.test_lumen_api.TestAuthGates" name="test_admin_promote_requires_auth" time="0.125" /><testcase classname="backend.tests.test_lumen_api.TestInvalidToken" name="test_invalid_bearer_token_rejected" time="0.107" /></testsuite></testsuites>