<?xml version="1.0" encoding="utf-8"?><testsuites name="pytest tests"><testsuite name="pytest" errors="0" failures="0" skipped="0" tests="7" time="16.031" timestamp="2026-05-09T21:53:35.945308+00:00" hostname="agent-env-fceb180a-ce4a-42ed-be80-d82f0675e4fd"><testcase classname="tests.test_lumen_iter2.TestAffiliateUrls" name="test_intake_post_then_get_returns_affiliate_urls" time="2.882" /><testcase classname="tests.test_lumen_iter2.TestAffiliateUrls" name="test_pregnancy_routine_uses_azelaic_with_affiliate" time="3.101" /><testcase classname="tests.test_lumen_iter2.TestAdminStudentDetail" name="test_student_cannot_access_admin_detail" time="0.250" /><testcase classname="tests.test_lumen_iter2.TestAdminStudentDetail" name="test_admin_can_get_student_detail" time="2.146" /><testcase classname="tests.test_lumen_iter2.TestAdminStudentDetail" name="test_admin_get_unknown_student_404" time="0.808" /><testcase classname="tests.test_lumen_iter2.TestAdminNotes" name="test_student_cannot_post_note" time="0.268" /><testcase classname="tests.test_lumen_iter2.TestAdminNotes" name="test_admin_can_post_note_and_it_persists" time="6.333" /></testsuite></testsuites>