<?xml version="1.0" encoding="utf-8"?><testsuites name="pytest tests"><testsuite name="pytest" errors="0" failures="0" skipped="0" tests="35" time="45.912" timestamp="2026-05-09T22:28:07.786246+00:00" hostname="agent-env-fceb180a-ce4a-42ed-be80-d82f0675e4fd"><testcase classname="backend.tests.test_lumen_api.TestHealth" name="test_health_ok" time="0.236" /><testcase classname="backend.tests.test_lumen_api.TestAuthGates" name="test_me_requires_auth" time="0.108" /><testcase classname="backend.tests.test_lumen_api.TestAuthGates" name="test_bootstrap_requires_auth" time="0.113" /><testcase classname="backend.tests.test_lumen_api.TestAuthGates" name="test_intake_post_requires_auth" time="0.268" /><testcase classname="backend.tests.test_lumen_api.TestAuthGates" name="test_intake_get_requires_auth" time="0.111" /><testcase classname="backend.tests.test_lumen_api.TestAuthGates" name="test_checkins_requires_auth" time="0.112" /><testcase classname="backend.tests.test_lumen_api.TestAuthGates" name="test_photos_requires_auth" time="0.138" /><testcase classname="backend.tests.test_lumen_api.TestAuthGates" name="test_admin_students_requires_auth" time="0.131" /><testcase classname="backend.tests.test_lumen_api.TestAuthGates" name="test_admin_student_detail_requires_auth" time="0.107" /><testcase classname="backend.tests.test_lumen_api.TestAuthGates" name="test_admin_notes_requires_auth" time="0.104" /><testcase classname="backend.tests.test_lumen_api.TestAuthGates" name="test_admin_promote_requires_auth" time="0.104" /><testcase classname="backend.tests.test_lumen_api.TestInvalidToken" name="test_invalid_bearer_token_rejected" time="0.103" /><testcase classname="backend.tests.test_lumen_iter2.TestAffiliateUrls" name="test_intake_post_then_admin_draft_has_affiliate_urls" time="5.013" /><testcase classname="backend.tests.test_lumen_iter2.TestAffiliateUrls" name="test_pregnancy_routine_uses_azelaic_with_affiliate" time="5.296" /><testcase classname="backend.tests.test_lumen_iter2.TestAdminStudentDetail" name="test_student_cannot_access_admin_detail" time="0.265" /><testcase classname="backend.tests.test_lumen_iter2.TestAdminStudentDetail" name="test_admin_can_get_student_detail" time="2.332" /><testcase classname="backend.tests.test_lumen_iter2.TestAdminStudentDetail" name="test_admin_get_unknown_student_404" time="0.352" /><testcase classname="backend.tests.test_lumen_iter2.TestAdminNotes" name="test_student_cannot_post_note" time="0.387" /><testcase classname="backend.tests.test_lumen_iter2.TestAdminNotes" name="test_admin_can_post_note_and_it_persists" time="4.672" /><testcase classname="backend.tests.test_lumen_iter4.TestAdminGating" name="test_is_admin_true_can_access" time="0.978" /><testcase classname="backend.tests.test_lumen_iter4.TestAdminGating" name="test_legacy_role_admin_still_works" time="0.917" /><testcase classname="backend.tests.test_lumen_iter4.TestAdminGating" name="test_plain_user_403" time="0.863" /><testcase classname="backend.tests.test_lumen_iter4.TestAdminGating" name="test_no_token_401" time="0.116" /><testcase classname="backend.tests.test_lumen_iter4.TestIntakeDecoupled" name="test_intake_returns_ok_only" time="1.158" /><testcase classname="backend.tests.test_lumen_iter4.TestIntakeDecoupled" name="test_routine_is_pending_after_intake" time="0.235" /><testcase classname="backend.tests.test_lumen_iter4.TestStudentRoutineEndpoint" name="test_routine_null_when_no_intake" time="2.189" /><testcase classname="backend.tests.test_lumen_iter4.TestStudentRoutineEndpoint" name="test_routine_requires_auth" time="0.126" /><testcase classname="backend.tests.test_lumen_iter4.TestAdminRoutineBuilder" name="test_full_flow_draft_save_publish_unpublish" time="4.481" /><testcase classname="backend.tests.test_lumen_iter4.TestAdminRoutineBuilder" name="test_draft_400_when_no_intake" time="1.895" /><testcase classname="backend.tests.test_lumen_iter4.TestAdminRoutineBuilder" name="test_publish_400_when_no_routine" time="1.975" /><testcase classname="backend.tests.test_lumen_iter4.TestAdminRoutineBuilder" name="test_non_admin_cannot_save_routine" time="0.220" /><testcase classname="backend.tests.test_lumen_iter4.TestAdminRoutineBuilder" name="test_non_admin_cannot_publish" time="0.246" /><testcase classname="backend.tests.test_lumen_iter4.TestAdminPromote" name="test_promote_with_is_admin_true" time="2.458" /><testcase classname="backend.tests.test_lumen_iter4.TestAdminPromote" name="test_promote_with_is_admin_false_revokes" time="2.042" /><testcase classname="backend.tests.test_lumen_iter4.TestAdminPromote" name="test_promote_old_role_payload_rejected" time="5.791" /></testsuite></testsuites>