<?xml version="1.0" encoding="utf-8"?><testsuites name="pytest tests"><testsuite name="pytest" errors="0" failures="2" skipped="0" tests="19" time="12.909" timestamp="2026-05-09T22:27:15.122916+00:00" hostname="agent-env-fceb180a-ce4a-42ed-be80-d82f0675e4fd"><testcase classname="backend.tests.test_lumen_api.TestHealth" name="test_health_ok" time="0.150" /><testcase classname="backend.tests.test_lumen_api.TestAuthGates" name="test_me_requires_auth" time="0.128" /><testcase classname="backend.tests.test_lumen_api.TestAuthGates" name="test_bootstrap_requires_auth" time="0.113" /><testcase classname="backend.tests.test_lumen_api.TestAuthGates" name="test_intake_post_requires_auth" time="0.110" /><testcase classname="backend.tests.test_lumen_api.TestAuthGates" name="test_intake_get_requires_auth" time="0.109" /><testcase classname="backend.tests.test_lumen_api.TestAuthGates" name="test_checkins_requires_auth" time="0.102" /><testcase classname="backend.tests.test_lumen_api.TestAuthGates" name="test_photos_requires_auth" time="0.104" /><testcase classname="backend.tests.test_lumen_api.TestAuthGates" name="test_admin_students_requires_auth" time="0.150" /><testcase classname="backend.tests.test_lumen_api.TestAuthGates" name="test_admin_student_detail_requires_auth" time="0.152" /><testcase classname="backend.tests.test_lumen_api.TestAuthGates" name="test_admin_notes_requires_auth" time="0.102" /><testcase classname="backend.tests.test_lumen_api.TestAuthGates" name="test_admin_promote_requires_auth" time="0.125" /><testcase classname="backend.tests.test_lumen_api.TestInvalidToken" name="test_invalid_bearer_token_rejected" time="0.101" /><testcase classname="backend.tests.test_lumen_iter2.TestAffiliateUrls" name="test_intake_post_then_get_returns_affiliate_urls" time="1.888"><failure message="AssertionError: assert 'routine' in {'ok': True}">E   AssertionError: assert 'routine' in {'ok': True}</failure></testcase><testcase classname="backend.tests.test_lumen_iter2.TestAffiliateUrls" name="test_pregnancy_routine_uses_azelaic_with_affiliate" time="2.838"><failure message="KeyError: 'routine'">E   KeyError: 'routine'</failure></testcase><testcase classname="backend.tests.test_lumen_iter2.TestAdminStudentDetail" name="test_student_cannot_access_admin_detail" time="0.262" /><testcase classname="backend.tests.test_lumen_iter2.TestAdminStudentDetail" name="test_admin_can_get_student_detail" time="0.905" /><testcase classname="backend.tests.test_lumen_iter2.TestAdminStudentDetail" name="test_admin_get_unknown_student_404" time="0.350" /><testcase classname="backend.tests.test_lumen_iter2.TestAdminNotes" name="test_student_cannot_post_note" time="0.249" /><testcase classname="backend.tests.test_lumen_iter2.TestAdminNotes" name="test_admin_can_post_note_and_it_persists" time="4.726" /></testsuite></testsuites>