<?xml version="1.0" encoding="utf-8"?><testsuites name="pytest tests"><testsuite name="pytest" errors="0" failures="0" skipped="0" tests="16" time="34.810" timestamp="2026-05-09T22:26:34.089785+00:00" hostname="agent-env-fceb180a-ce4a-42ed-be80-d82f0675e4fd"><testcase classname="backend.tests.test_lumen_iter4.TestAdminGating" name="test_is_admin_true_can_access" time="2.583" /><testcase classname="backend.tests.test_lumen_iter4.TestAdminGating" name="test_legacy_role_admin_still_works" time="1.446" /><testcase classname="backend.tests.test_lumen_iter4.TestAdminGating" name="test_plain_user_403" time="0.892" /><testcase classname="backend.tests.test_lumen_iter4.TestAdminGating" name="test_no_token_401" time="0.147" /><testcase classname="backend.tests.test_lumen_iter4.TestIntakeDecoupled" name="test_intake_returns_ok_only" time="2.083" /><testcase classname="backend.tests.test_lumen_iter4.TestIntakeDecoupled" name="test_routine_is_pending_after_intake" time="0.254" /><testcase classname="backend.tests.test_lumen_iter4.TestStudentRoutineEndpoint" name="test_routine_null_when_no_intake" time="3.041" /><testcase classname="backend.tests.test_lumen_iter4.TestStudentRoutineEndpoint" name="test_routine_requires_auth" time="0.106" /><testcase classname="backend.tests.test_lumen_iter4.TestAdminRoutineBuilder" name="test_full_flow_draft_save_publish_unpublish" time="7.122" /><testcase classname="backend.tests.test_lumen_iter4.TestAdminRoutineBuilder" name="test_draft_400_when_no_intake" time="3.185" /><testcase classname="backend.tests.test_lumen_iter4.TestAdminRoutineBuilder" name="test_publish_400_when_no_routine" time="2.875" /><testcase classname="backend.tests.test_lumen_iter4.TestAdminRoutineBuilder" name="test_non_admin_cannot_save_routine" time="0.221" /><testcase classname="backend.tests.test_lumen_iter4.TestAdminRoutineBuilder" name="test_non_admin_cannot_publish" time="0.222" /><testcase classname="backend.tests.test_lumen_iter4.TestAdminPromote" name="test_promote_with_is_admin_true" time="2.457" /><testcase classname="backend.tests.test_lumen_iter4.TestAdminPromote" name="test_promote_with_is_admin_false_revokes" time="2.092" /><testcase classname="backend.tests.test_lumen_iter4.TestAdminPromote" name="test_promote_old_role_payload_rejected" time="5.831" /></testsuite></testsuites>